<?xml version="1.0" encoding="UTF-8"?>
<!-- Generated by org.testng.reporters.JUnitReportReporter -->
<testsuite hostname="SGSLP062" failures="0" tests="1" name="com.steepgraph.ta.framework.App" time="9.610" errors="0" timestamp="2025-03-04T12:20:11 IST" skipped="0">
  <testcase classname="com.steepgraph.ta.framework.App" name="main" time="9.610"/>
  <system-out>
    <![CDATA[
Suite: TestPlan, Test Case: ClickElement, Status: Pass]]>
  </system-out>
</testsuite> <!-- com.steepgraph.ta.framework.App -->
